<?xml version="1.0" encoding="UTF-8"?>
<testsuite name="BankingTest" tests="1" skipped="0" failures="0" errors="0" timestamp="2025-09-11T14:02:00.921Z" hostname="HYPE-R" time="5.143">
  <properties/>
  <testcase name="testDeposit" classname="BankingTest" time="5.143"/>
  <system-out><![CDATA[Browser sudah dibuka
Buka website Banking Project
Klik tombol Customer Login
Pilih nama Harry Potter
Klik tombol Login
Klik tombol Deposit
Input jumlah deposit 1000
Klik submit deposit
Pesan sukses: Deposit Successful
Balance sekarang: 1000
]]></system-out>
  <system-err><![CDATA[Sept 11, 2025 9:02:00 PM org.openqa.selenium.devtools.CdpVersionFinder findNearestMatch
WARNING: Unable to find CDP implementation matching 140
Sept 11, 2025 9:02:00 PM org.openqa.selenium.chromium.ChromiumDriver lambda$new$5
WARNING: Unable to find version of CDP to use for 140.0.7339.81. You may need to include a dependency on a specific version of the CDP using something similar to `org.seleniumhq.selenium:selenium-devtools-v86:4.22.0` where the version ("v86") matches the version of the chromium-based browser you're using and the version number of the artifact is the same as Selenium's.
]]></system-err>
</testsuite>
